<?xml version="1.0" encoding="UTF-8"?>
<!-- Generated by org.testng.reporters.JUnitReportReporter -->
<testsuite skipped="0" hostname="RKK" name="com.SauceLabTestClasses.LoginPageTest" tests="3" failures="0" timestamp="2023-01-06T16:58:51 IST" time="37.892" errors="0">
  <testcase name="VerifyLoginPageURL" time="16.332" classname="com.SauceLabTestClasses.LoginPageTest"/>
  <system-out/>
  <testcase name="VerifyLogin" time="13.316" classname="com.SauceLabTestClasses.LoginPageTest"/>
  <system-out/>
  <testcase name="VerifyLoginPageTitle" time="8.244" classname="com.SauceLabTestClasses.LoginPageTest"/>
  <system-out/>
</testsuite> <!-- com.SauceLabTestClasses.LoginPageTest -->
