<?xml version="1.0" encoding="UTF-8"?>
<!-- Generated by org.testng.reporters.JUnitReportReporter -->
<testsuite skipped="0" hostname="RKK" name="com.SauceLabTestClasses.HomePageTest" tests="5" failures="0" timestamp="2023-01-06T16:58:51 IST" time="51.683" errors="0">
  <testcase name="VerifyHomePageTitle" time="8.770" classname="com.SauceLabTestClasses.HomePageTest"/>
  <system-out/>
  <testcase name="VerifyAddToCart" time="9.127" classname="com.SauceLabTestClasses.HomePageTest"/>
  <system-out/>
  <testcase name="VerifyDropDown" time="10.199" classname="com.SauceLabTestClasses.HomePageTest"/>
  <system-out/>
  <testcase name="VerifyHomePageHeader" time="9.326" classname="com.SauceLabTestClasses.HomePageTest"/>
  <system-out/>
  <testcase name="VerifyHomePageMenuBtn" time="14.261" classname="com.SauceLabTestClasses.HomePageTest"/>
  <system-out/>
</testsuite> <!-- com.SauceLabTestClasses.HomePageTest -->
