<?xml version="1.0" encoding="UTF-8"?>
<!-- Generated by org.testng.reporters.JUnitReportReporter -->
<testsuite skipped="0" hostname="RKK" name="com.SauceLabTestClasses.CartPageTest" tests="3" failures="0" timestamp="2023-01-06T16:58:51 IST" time="29.072" errors="0">
  <testcase name="VerifyCartPageHeader" time="9.442" classname="com.SauceLabTestClasses.CartPageTest"/>
  <system-out/>
  <testcase name="VerifyCartPageTitle" time="9.035" classname="com.SauceLabTestClasses.CartPageTest"/>
  <system-out/>
  <testcase name="verifyBuyProduct" time="10.595" classname="com.SauceLabTestClasses.CartPageTest"/>
  <system-out/>
</testsuite> <!-- com.SauceLabTestClasses.CartPageTest -->
